05-07 14:58:08 com_github_MitjaNemec_ReplicateLayout.action_replicate_layout 359:Plugin executed on: 'win32'
05-07 14:58:08 com_github_MitjaNemec_ReplicateLayout.action_replicate_layout 360:Plugin executed with python version: '3.9.14 (main, Feb 13 2023, 04:48:26) [MSC v.1934 64 bit (AMD64)]'
05-07 14:58:08 com_github_MitjaNemec_ReplicateLayout.action_replicate_layout 361:KiCad build version: 7.0.1
05-07 14:58:08 com_github_MitjaNemec_ReplicateLayout.action_replicate_layout 362:Plugin version: 2.0.10
05-07 14:58:08 com_github_MitjaNemec_ReplicateLayout.action_replicate_layout 363:Frame repr: <wx._core.Frame object at 0x000001FE303E6160>
05-07 14:58:08 com_github_MitjaNemec_ReplicateLayout.action_replicate_layout 387:Preparing replicator with IC14 as a reference
05-07 14:58:08 com_github_MitjaNemec_ReplicateLayout.replicate_layout 113:getting a list of all footprints on board
05-07 14:58:08 com_github_MitjaNemec_ReplicateLayout.action_replicate_layout 435:source anchor footprint is 'IC14'
Located on: ['POWERSTAGE_A_LS2']
With filenames: ['LS_PWR_STAGE.kicad_sch']
With sheet_id:['POWERSTAGE_A_LS2']
05-07 14:58:08 com_github_MitjaNemec_ReplicateLayout.action_replicate_layout 442:Corresponding footprints are 
[('IC10', ['POWERSTAGE_A_LS1']), ('IC6', ['POWERSTAGE_A_HS1']), ('IC4', ['POWERSTAGE_A_LS']), ('IC2', ['POWERSTAGE_A_HS']), ('IC14', ['POWERSTAGE_A_LS2']), ('IC12', ['POWERSTAGE_A_HS2'])]
05-07 14:58:08 com_github_MitjaNemec_ReplicateLayout.action_replicate_layout 454:Showing dialog
05-07 14:58:08 com_github_MitjaNemec_ReplicateLayout.replicate_layout 390:constructing a list of sheets suitable for replication on level:'POWERSTAGE_A_LS2', file:'LS_PWR_STAGE.kicad_sch'
05-07 14:58:08 com_github_MitjaNemec_ReplicateLayout.replicate_layout 427:suitable sheets are:[['POWERSTAGE_A_HS'], ['POWERSTAGE_A_HS1'], ['POWERSTAGE_A_HS2'], ['POWERSTAGE_A_LS'], ['POWERSTAGE_A_LS1']]
05-07 14:58:08 com_github_MitjaNemec_ReplicateLayout.replicate_layout 1347:Level selected: ['POWERSTAGE_A_LS2']
05-07 14:58:08 com_github_MitjaNemec_ReplicateLayout.replicate_layout 1182:Filtering list of tracks
05-07 14:58:08 com_github_MitjaNemec_ReplicateLayout.action_replicate_layout 460:Toolbar position: wx.Point(3609, 154)
05-07 14:58:08 com_github_MitjaNemec_ReplicateLayout.action_replicate_layout 465:Dialog position: wx.Point(3245, 154)
05-07 14:58:11 com_github_MitjaNemec_ReplicateLayout.replicate_layout 390:constructing a list of sheets suitable for replication on level:'POWERSTAGE_A_LS2', file:'LS_PWR_STAGE.kicad_sch'
05-07 14:58:11 com_github_MitjaNemec_ReplicateLayout.replicate_layout 427:suitable sheets are:[['POWERSTAGE_A_HS'], ['POWERSTAGE_A_HS1'], ['POWERSTAGE_A_HS2'], ['POWERSTAGE_A_LS'], ['POWERSTAGE_A_LS1']]
05-07 14:58:11 com_github_MitjaNemec_ReplicateLayout.replicate_layout 1347:Level selected: ['POWERSTAGE_A_LS2']
05-07 14:58:12 com_github_MitjaNemec_ReplicateLayout.replicate_layout 1182:Filtering list of tracks
05-07 14:58:12 com_github_MitjaNemec_ReplicateLayout.replicate_layout 390:constructing a list of sheets suitable for replication on level:'POWERSTAGE_A_LS2', file:'LS_PWR_STAGE.kicad_sch'
05-07 14:58:12 com_github_MitjaNemec_ReplicateLayout.replicate_layout 427:suitable sheets are:[['POWERSTAGE_A_HS'], ['POWERSTAGE_A_HS1'], ['POWERSTAGE_A_HS2'], ['POWERSTAGE_A_LS'], ['POWERSTAGE_A_LS1']]
05-07 14:58:12 com_github_MitjaNemec_ReplicateLayout.replicate_layout 1347:Level selected: ['POWERSTAGE_A_LS2']
05-07 14:58:12 com_github_MitjaNemec_ReplicateLayout.replicate_layout 1182:Filtering list of tracks
05-07 14:58:13 com_github_MitjaNemec_ReplicateLayout.replicate_layout 390:constructing a list of sheets suitable for replication on level:'POWERSTAGE_A_LS2', file:'LS_PWR_STAGE.kicad_sch'
05-07 14:58:13 com_github_MitjaNemec_ReplicateLayout.replicate_layout 427:suitable sheets are:[['POWERSTAGE_A_HS'], ['POWERSTAGE_A_HS1'], ['POWERSTAGE_A_HS2'], ['POWERSTAGE_A_LS'], ['POWERSTAGE_A_LS1']]
05-07 14:58:13 com_github_MitjaNemec_ReplicateLayout.replicate_layout 1347:Level selected: ['POWERSTAGE_A_LS2']
05-07 14:58:13 com_github_MitjaNemec_ReplicateLayout.replicate_layout 1182:Filtering list of tracks
05-07 14:58:21 com_github_MitjaNemec_ReplicateLayout.replicate_layout 390:constructing a list of sheets suitable for replication on level:'POWERSTAGE_A_LS2', file:'LS_PWR_STAGE.kicad_sch'
05-07 14:58:21 com_github_MitjaNemec_ReplicateLayout.replicate_layout 427:suitable sheets are:[['POWERSTAGE_A_HS'], ['POWERSTAGE_A_HS1'], ['POWERSTAGE_A_HS2'], ['POWERSTAGE_A_LS'], ['POWERSTAGE_A_LS1']]
05-07 14:58:21 com_github_MitjaNemec_ReplicateLayout.action_replicate_layout 207:Replicating layout
05-07 14:58:21 com_github_MitjaNemec_ReplicateLayout.replicate_layout 236:Starting replication of sheets: [['POWERSTAGE_A_HS'], ['POWERSTAGE_A_HS1'], ['POWERSTAGE_A_HS2'], ['POWERSTAGE_A_LS'], ['POWERSTAGE_A_LS1']]
on level: ['POWERSTAGE_A_LS2']
with tracks=True, zone=False, text=False, text=False, intersecting=False, remove=True, locked footprints=False, group_only=False
05-07 14:58:21 root 299:updating GUI message: 'Preparing for replication'
05-07 14:58:21 root 304:updating GUI with: 0
05-07 14:58:21 com_github_MitjaNemec_ReplicateLayout.replicate_layout 306:Getting the list of source footprints
05-07 14:58:21 com_github_MitjaNemec_ReplicateLayout.replicate_layout 316:Getting the list of all the remaining footprints
05-07 14:58:21 com_github_MitjaNemec_ReplicateLayout.replicate_layout 323:Getting source tracks
05-07 14:58:21 com_github_MitjaNemec_ReplicateLayout.replicate_layout 1182:Filtering list of tracks
05-07 14:58:21 com_github_MitjaNemec_ReplicateLayout.replicate_layout 327:Getting source zones
05-07 14:58:21 root 304:updating GUI with: 50
05-07 14:58:21 com_github_MitjaNemec_ReplicateLayout.replicate_layout 331:Getting source text items
05-07 14:58:21 com_github_MitjaNemec_ReplicateLayout.replicate_layout 335:Getting source drawing items
05-07 14:58:21 com_github_MitjaNemec_ReplicateLayout.replicate_layout 268:Removing tracks and zones, before footprint placement
05-07 14:58:21 root 299:updating GUI message: 'Removing zones and tracks'
05-07 14:58:21 com_github_MitjaNemec_ReplicateLayout.replicate_layout 1128:Remove bounding box top:111650600, bottom:150236600, Left:90323500, Right:259695900
05-07 14:58:21 root 304:updating GUI with: 20
05-07 14:58:21 com_github_MitjaNemec_ReplicateLayout.replicate_layout 1128:Remove bounding box top:192035000, bottom:230621000, Left:90388300, Right:259760700
05-07 14:58:21 root 304:updating GUI with: 40
05-07 14:58:21 com_github_MitjaNemec_ReplicateLayout.replicate_layout 1128:Remove bounding box top:271816400, bottom:310402400, Left:90388900, Right:259761300
05-07 14:58:21 root 304:updating GUI with: 60
05-07 14:58:21 com_github_MitjaNemec_ReplicateLayout.replicate_layout 1128:Remove bounding box top:151243600, bottom:189829600, Left:90316100, Right:259688500
05-07 14:58:21 root 304:updating GUI with: 80
05-07 14:58:21 com_github_MitjaNemec_ReplicateLayout.replicate_layout 1128:Remove bounding box top:231659000, bottom:270245000, Left:90370000, Right:259742400
05-07 14:58:21 root 299:updating GUI message: 'Replicating footprints'
05-07 14:58:21 root 304:updating GUI with: 0
05-07 14:58:21 com_github_MitjaNemec_ReplicateLayout.replicate_layout 739:Replicating footprints
05-07 14:58:21 com_github_MitjaNemec_ReplicateLayout.replicate_layout 745:Replicating footprints on sheet ['POWERSTAGE_A_HS']
05-07 14:58:21 com_github_MitjaNemec_ReplicateLayout.replicate_layout 745:Replicating footprints on sheet ['POWERSTAGE_A_HS1']
05-07 14:58:21 root 304:updating GUI with: 34
05-07 14:58:21 com_github_MitjaNemec_ReplicateLayout.replicate_layout 745:Replicating footprints on sheet ['POWERSTAGE_A_HS2']
05-07 14:58:21 com_github_MitjaNemec_ReplicateLayout.replicate_layout 745:Replicating footprints on sheet ['POWERSTAGE_A_LS']
05-07 14:58:21 root 304:updating GUI with: 72
05-07 14:58:21 com_github_MitjaNemec_ReplicateLayout.replicate_layout 745:Replicating footprints on sheet ['POWERSTAGE_A_LS1']
05-07 14:58:21 com_github_MitjaNemec_ReplicateLayout.replicate_layout 276:Removing tracks and zones, after footprint placement
05-07 14:58:21 root 299:updating GUI message: 'Removing zones and tracks'
05-07 14:58:21 com_github_MitjaNemec_ReplicateLayout.replicate_layout 1128:Remove bounding box top:111650600, bottom:150236600, Left:90323500, Right:259695900
05-07 14:58:21 root 304:updating GUI with: 20
05-07 14:58:21 com_github_MitjaNemec_ReplicateLayout.replicate_layout 1128:Remove bounding box top:192035000, bottom:230621000, Left:90388300, Right:259760700
05-07 14:58:21 com_github_MitjaNemec_ReplicateLayout.replicate_layout 1128:Remove bounding box top:271816400, bottom:310402400, Left:90388900, Right:259761300
05-07 14:58:21 root 304:updating GUI with: 60
05-07 14:58:21 com_github_MitjaNemec_ReplicateLayout.replicate_layout 1128:Remove bounding box top:151243600, bottom:189829600, Left:90316100, Right:259688500
05-07 14:58:21 com_github_MitjaNemec_ReplicateLayout.replicate_layout 1128:Remove bounding box top:231659000, bottom:270245000, Left:90370000, Right:259742400
05-07 14:58:21 root 299:updating GUI message: 'Replicating tracks'
05-07 14:58:21 root 304:updating GUI with: 0
05-07 14:58:21 com_github_MitjaNemec_ReplicateLayout.replicate_layout 904:Replicating tracks
05-07 14:58:21 com_github_MitjaNemec_ReplicateLayout.replicate_layout 910:Replicating tracks on sheet ['POWERSTAGE_A_HS']
05-07 14:58:21 com_github_MitjaNemec_ReplicateLayout.replicate_layout 720:Cannot pair src net: ['', 'PHASE_A'] and dst net: ['VBUS']
05-07 14:58:21 com_github_MitjaNemec_ReplicateLayout.replicate_layout 720:Cannot pair src net: ['', 'PHASE_A'] and dst net: ['VBUS']
05-07 14:58:21 com_github_MitjaNemec_ReplicateLayout.replicate_layout 720:Cannot pair src net: ['GNDPWR'] and dst net: ['', 'PHASE_C']
05-07 14:58:21 com_github_MitjaNemec_ReplicateLayout.replicate_layout 720:Cannot pair src net: ['GNDPWR'] and dst net: ['', 'PHASE_C']
05-07 14:58:21 com_github_MitjaNemec_ReplicateLayout.replicate_layout 720:Cannot pair src net: ['GNDPWR'] and dst net: ['', 'PHASE_C']
05-07 14:58:21 com_github_MitjaNemec_ReplicateLayout.replicate_layout 720:Cannot pair src net: ['GNDPWR'] and dst net: ['', 'PHASE_C']
05-07 14:58:21 com_github_MitjaNemec_ReplicateLayout.replicate_layout 720:Cannot pair src net: ['GNDPWR'] and dst net: ['', 'PHASE_C']
05-07 14:58:21 com_github_MitjaNemec_ReplicateLayout.replicate_layout 720:Cannot pair src net: ['', 'PHASE_A'] and dst net: ['VBUS']
05-07 14:58:21 com_github_MitjaNemec_ReplicateLayout.replicate_layout 720:Cannot pair src net: ['', 'PHASE_A'] and dst net: ['VBUS']
05-07 14:58:21 com_github_MitjaNemec_ReplicateLayout.replicate_layout 720:Cannot pair src net: ['GNDPWR'] and dst net: ['', 'PHASE_C']
05-07 14:58:21 com_github_MitjaNemec_ReplicateLayout.replicate_layout 720:Cannot pair src net: ['GNDPWR'] and dst net: ['', 'PHASE_C']
05-07 14:58:21 com_github_MitjaNemec_ReplicateLayout.replicate_layout 720:Cannot pair src net: ['GNDPWR'] and dst net: ['', 'PHASE_C']
05-07 14:58:21 com_github_MitjaNemec_ReplicateLayout.replicate_layout 720:Cannot pair src net: ['GNDPWR'] and dst net: ['', 'PHASE_C']
05-07 14:58:21 com_github_MitjaNemec_ReplicateLayout.replicate_layout 720:Cannot pair src net: ['GNDPWR'] and dst net: ['', 'PHASE_C']
05-07 14:58:21 com_github_MitjaNemec_ReplicateLayout.replicate_layout 720:Cannot pair src net: ['', 'PHASE_A'] and dst net: ['VBUS']
05-07 14:58:21 com_github_MitjaNemec_ReplicateLayout.replicate_layout 720:Cannot pair src net: ['GNDPWR'] and dst net: ['', 'PHASE_C']
05-07 14:58:21 com_github_MitjaNemec_ReplicateLayout.replicate_layout 720:Cannot pair src net: ['GNDPWR'] and dst net: ['', 'PHASE_C']
05-07 14:58:21 com_github_MitjaNemec_ReplicateLayout.replicate_layout 720:Cannot pair src net: ['GNDPWR'] and dst net: ['', 'PHASE_C']
05-07 14:58:21 com_github_MitjaNemec_ReplicateLayout.replicate_layout 720:Cannot pair src net: ['GNDPWR'] and dst net: ['', 'PHASE_C']
05-07 14:58:21 com_github_MitjaNemec_ReplicateLayout.replicate_layout 720:Cannot pair src net: ['GNDPWR'] and dst net: ['', 'PHASE_C']
05-07 14:58:21 com_github_MitjaNemec_ReplicateLayout.replicate_layout 720:Cannot pair src net: ['', 'PHASE_A'] and dst net: ['VBUS']
05-07 14:58:21 com_github_MitjaNemec_ReplicateLayout.replicate_layout 720:Cannot pair src net: ['', 'POWERSTAGE_A_HS2', 'PWM_IN-'] and dst net: ['', 'POWERSTAGE_A_HS', 'PWM_IN+']
05-07 14:58:21 com_github_MitjaNemec_ReplicateLayout.replicate_layout 720:Cannot pair src net: ['', 'POWERSTAGE_A_HS2', 'PWM_IN+'] and dst net: ['', 'POWERSTAGE_A_HS', 'PWM_IN-']
05-07 14:58:21 com_github_MitjaNemec_ReplicateLayout.replicate_layout 734:Net pairs for sheet ['POWERSTAGE_A_HS'] :[('Net-(IC14-OUTL)', 'Net-(IC2-OUTL)'), ('Net-(D96-A)', 'Net-(D8-A)'), ('Net-(D111-Pad1)', 'Net-(D37-Pad1)'), ('+9V', '+9V'), ('Net-(IC14-CLMPE)', 'Net-(IC2-CLMPE)'), ('Net-(D94-A)', 'Net-(D6-A)'), ('Net-(D103-A)', 'Net-(D15-A)'), ('Net-(D107-Pad1)', 'Net-(D33-Pad1)'), ('Net-(IC14-OUTH)', 'Net-(IC2-OUTH)'), ('Net-(Q34-G)', 'Net-(Q10-G)'), ('Net-(D101-Pad1)', 'Net-(D13-Pad1)'), ('Net-(Q32-G)', 'Net-(Q4-G)'), ('Net-(IC13-SW1)', 'Net-(IC1-SW1)'), ('+3.3V', '+3.3V'), ('Net-(D98-A2)', 'Net-(D10-A2)'), ('Net-(Q36-G)', 'Net-(Q12-G)'), ('Net-(D104-A2)', 'Net-(D22-A2)'), ('Net-(D109-A2)', 'Net-(D35-A2)'), ('Net-(D106-A2)', 'Net-(D28-A2)'), ('Net-(D105-A2)', 'Net-(D23-A2)'), ('Net-(IC13-SW2)', 'Net-(IC1-SW2)'), ('/POWERSTAGE_A_LS2/RDY', '/POWERSTAGE_A_HS/RDY'), ('Net-(IC13-SS{slash}ILIM)', 'Net-(IC1-SS{slash}ILIM)'), ('/POWERSTAGE_A_LS2/COM', '/POWERSTAGE_A_HS/COM'), ('unconnected-(IC13-SR-Pad6)', 'unconnected-(IC1-SR-Pad6)'), ('/POWERSTAGE_A_LS2/nFLT', '/POWERSTAGE_A_HS/nFLT'), ('Net-(IC14-VEE)', 'Net-(IC2-VEE)'), ('Net-(D110-A2)', 'Net-(D36-A2)'), ('/POWERSTAGE_A_LS2/DC{slash}DC_EN', '/POWERSTAGE_A_HS/DC{slash}DC_EN'), ('/POWERSTAGE_A_LS2/ISO_15V', '/POWERSTAGE_A_HS/ISO_15V'), ('Net-(D100-A2)', 'Net-(D12-A2)'), ('Net-(IC13-CLK)', 'Net-(IC1-CLK)'), ('Net-(D100-A1)', 'Net-(D11-A2)'), ('Net-(Q36-D)', 'Net-(Q12-D)'), ('/POWERSTAGE_A_LS2/APWM', '/POWERSTAGE_A_HS/APWM'), ('Net-(D102-K)', 'Net-(D14-K)'), ('GND', 'GND'), ('Net-(Q32-D)', 'Net-(Q4-D)'), ('unconnected-(IC13-DC-Pad5)', 'unconnected-(IC1-DC-Pad5)'), ('Net-(D108-A2)', 'Net-(D34-A2)'), ('/POWERSTAGE_A_LS2/EN{slash}nRST', '/POWERSTAGE_A_HS/EN{slash}nRST'), ('Net-(Q34-D)', 'Net-(Q10-D)')]
05-07 14:58:21 com_github_MitjaNemec_ReplicateLayout.replicate_layout 910:Replicating tracks on sheet ['POWERSTAGE_A_HS1']
05-07 14:58:21 com_github_MitjaNemec_ReplicateLayout.replicate_layout 720:Cannot pair src net: ['', 'PHASE_A'] and dst net: ['VBUS']
05-07 14:58:21 com_github_MitjaNemec_ReplicateLayout.replicate_layout 720:Cannot pair src net: ['GNDPWR'] and dst net: ['', 'PHASE_B']
05-07 14:58:21 com_github_MitjaNemec_ReplicateLayout.replicate_layout 720:Cannot pair src net: ['GNDPWR'] and dst net: ['', 'PHASE_B']
05-07 14:58:21 com_github_MitjaNemec_ReplicateLayout.replicate_layout 720:Cannot pair src net: ['GNDPWR'] and dst net: ['', 'PHASE_B']
05-07 14:58:21 com_github_MitjaNemec_ReplicateLayout.replicate_layout 720:Cannot pair src net: ['GNDPWR'] and dst net: ['', 'PHASE_B']
05-07 14:58:21 com_github_MitjaNemec_ReplicateLayout.replicate_layout 720:Cannot pair src net: ['GNDPWR'] and dst net: ['', 'PHASE_B']
05-07 14:58:21 com_github_MitjaNemec_ReplicateLayout.replicate_layout 720:Cannot pair src net: ['', 'PHASE_A'] and dst net: ['VBUS']
05-07 14:58:21 com_github_MitjaNemec_ReplicateLayout.replicate_layout 720:Cannot pair src net: ['', 'PHASE_A'] and dst net: ['VBUS']
05-07 14:58:21 com_github_MitjaNemec_ReplicateLayout.replicate_layout 720:Cannot pair src net: ['', 'PHASE_A'] and dst net: ['VBUS']
05-07 14:58:21 com_github_MitjaNemec_ReplicateLayout.replicate_layout 720:Cannot pair src net: ['', 'POWERSTAGE_A_HS2', 'PWM_IN-'] and dst net: ['', 'POWERSTAGE_A_HS1', 'PWM_IN+']
05-07 14:58:21 com_github_MitjaNemec_ReplicateLayout.replicate_layout 720:Cannot pair src net: ['', 'POWERSTAGE_A_HS2', 'PWM_IN+'] and dst net: ['', 'POWERSTAGE_A_HS1', 'PWM_IN-']
05-07 14:58:21 com_github_MitjaNemec_ReplicateLayout.replicate_layout 720:Cannot pair src net: ['GNDPWR'] and dst net: ['', 'PHASE_B']
05-07 14:58:21 com_github_MitjaNemec_ReplicateLayout.replicate_layout 720:Cannot pair src net: ['GNDPWR'] and dst net: ['', 'PHASE_B']
05-07 14:58:21 com_github_MitjaNemec_ReplicateLayout.replicate_layout 720:Cannot pair src net: ['GNDPWR'] and dst net: ['', 'PHASE_B']
05-07 14:58:21 com_github_MitjaNemec_ReplicateLayout.replicate_layout 720:Cannot pair src net: ['GNDPWR'] and dst net: ['', 'PHASE_B']
05-07 14:58:21 com_github_MitjaNemec_ReplicateLayout.replicate_layout 720:Cannot pair src net: ['GNDPWR'] and dst net: ['', 'PHASE_B']
05-07 14:58:21 com_github_MitjaNemec_ReplicateLayout.replicate_layout 720:Cannot pair src net: ['', 'PHASE_A'] and dst net: ['VBUS']
05-07 14:58:21 com_github_MitjaNemec_ReplicateLayout.replicate_layout 720:Cannot pair src net: ['GNDPWR'] and dst net: ['', 'PHASE_B']
05-07 14:58:21 com_github_MitjaNemec_ReplicateLayout.replicate_layout 720:Cannot pair src net: ['GNDPWR'] and dst net: ['', 'PHASE_B']
05-07 14:58:21 com_github_MitjaNemec_ReplicateLayout.replicate_layout 720:Cannot pair src net: ['GNDPWR'] and dst net: ['', 'PHASE_B']
05-07 14:58:21 com_github_MitjaNemec_ReplicateLayout.replicate_layout 720:Cannot pair src net: ['GNDPWR'] and dst net: ['', 'PHASE_B']
05-07 14:58:21 com_github_MitjaNemec_ReplicateLayout.replicate_layout 720:Cannot pair src net: ['GNDPWR'] and dst net: ['', 'PHASE_B']
05-07 14:58:21 com_github_MitjaNemec_ReplicateLayout.replicate_layout 720:Cannot pair src net: ['', 'PHASE_A'] and dst net: ['VBUS']
05-07 14:58:21 com_github_MitjaNemec_ReplicateLayout.replicate_layout 734:Net pairs for sheet ['POWERSTAGE_A_HS1'] :[('Net-(Q34-G)', 'Net-(Q16-G)'), ('Net-(IC13-SS{slash}ILIM)', 'Net-(IC5-SS{slash}ILIM)'), ('+9V', '+9V'), ('Net-(D111-Pad1)', 'Net-(D56-Pad1)'), ('Net-(D110-A2)', 'Net-(D55-A2)'), ('/POWERSTAGE_A_LS2/EN{slash}nRST', '/POWERSTAGE_A_HS1/EN{slash}nRST'), ('Net-(D106-A2)', 'Net-(D51-A2)'), ('Net-(D96-A)', 'Net-(D41-A)'), ('Net-(D103-A)', 'Net-(D40-A)'), ('+3.3V', '+3.3V'), ('Net-(IC13-SW2)', 'Net-(IC5-SW2)'), ('Net-(IC13-SW1)', 'Net-(IC5-SW1)'), ('Net-(Q34-D)', 'Net-(Q16-D)'), ('Net-(IC14-VEE)', 'Net-(IC6-VEE)'), ('Net-(Q36-D)', 'Net-(Q18-D)'), ('Net-(D109-A2)', 'Net-(D54-A2)'), ('unconnected-(IC13-DC-Pad5)', 'unconnected-(IC5-DC-Pad5)'), ('Net-(D107-Pad1)', 'Net-(D52-Pad1)'), ('/POWERSTAGE_A_LS2/COM', '/POWERSTAGE_A_HS1/COM'), ('Net-(D100-A1)', 'Net-(D44-A2)'), ('Net-(D108-A2)', 'Net-(D53-A2)'), ('/POWERSTAGE_A_LS2/RDY', '/POWERSTAGE_A_HS1/RDY'), ('/POWERSTAGE_A_LS2/APWM', '/POWERSTAGE_A_HS1/APWM'), ('/POWERSTAGE_A_LS2/DC{slash}DC_EN', '/POWERSTAGE_A_HS1/DC{slash}DC_EN'), ('Net-(D104-A2)', 'Net-(D49-A2)'), ('unconnected-(IC13-SR-Pad6)', 'unconnected-(IC5-SR-Pad6)'), ('/POWERSTAGE_A_LS2/ISO_15V', '/POWERSTAGE_A_HS1/ISO_15V'), ('Net-(IC14-OUTH)', 'Net-(IC6-OUTH)'), ('Net-(D94-A)', 'Net-(D39-A)'), ('Net-(IC14-OUTL)', 'Net-(IC6-OUTL)'), ('Net-(IC13-CLK)', 'Net-(IC5-CLK)'), ('Net-(D100-A2)', 'Net-(D45-A2)'), ('Net-(D98-A2)', 'Net-(D43-A2)'), ('Net-(Q36-G)', 'Net-(Q18-G)'), ('/POWERSTAGE_A_LS2/nFLT', '/POWERSTAGE_A_HS1/nFLT'), ('Net-(D105-A2)', 'Net-(D50-A2)'), ('Net-(Q32-G)', 'Net-(Q14-G)'), ('GND', 'GND'), ('Net-(Q32-D)', 'Net-(Q14-D)'), ('Net-(D102-K)', 'Net-(D39-K)'), ('Net-(IC14-CLMPE)', 'Net-(IC6-CLMPE)'), ('Net-(D101-Pad1)', 'Net-(D46-Pad1)')]
05-07 14:58:21 root 304:updating GUI with: 24
05-07 14:58:21 com_github_MitjaNemec_ReplicateLayout.replicate_layout 910:Replicating tracks on sheet ['POWERSTAGE_A_HS2']
05-07 14:58:21 com_github_MitjaNemec_ReplicateLayout.replicate_layout 720:Cannot pair src net: ['', 'PHASE_A'] and dst net: ['VBUS']
05-07 14:58:21 com_github_MitjaNemec_ReplicateLayout.replicate_layout 720:Cannot pair src net: ['', 'PHASE_A'] and dst net: ['VBUS']
05-07 14:58:21 com_github_MitjaNemec_ReplicateLayout.replicate_layout 720:Cannot pair src net: ['', 'PHASE_A'] and dst net: ['VBUS']
05-07 14:58:21 com_github_MitjaNemec_ReplicateLayout.replicate_layout 720:Cannot pair src net: ['GNDPWR'] and dst net: ['', 'PHASE_A']
05-07 14:58:21 com_github_MitjaNemec_ReplicateLayout.replicate_layout 720:Cannot pair src net: ['GNDPWR'] and dst net: ['', 'PHASE_A']
05-07 14:58:21 com_github_MitjaNemec_ReplicateLayout.replicate_layout 720:Cannot pair src net: ['GNDPWR'] and dst net: ['', 'PHASE_A']
05-07 14:58:21 com_github_MitjaNemec_ReplicateLayout.replicate_layout 720:Cannot pair src net: ['GNDPWR'] and dst net: ['', 'PHASE_A']
05-07 14:58:21 com_github_MitjaNemec_ReplicateLayout.replicate_layout 720:Cannot pair src net: ['GNDPWR'] and dst net: ['', 'PHASE_A']
05-07 14:58:21 com_github_MitjaNemec_ReplicateLayout.replicate_layout 720:Cannot pair src net: ['', 'PHASE_A'] and dst net: ['VBUS']
05-07 14:58:21 com_github_MitjaNemec_ReplicateLayout.replicate_layout 720:Cannot pair src net: ['GNDPWR'] and dst net: ['', 'PHASE_A']
05-07 14:58:21 com_github_MitjaNemec_ReplicateLayout.replicate_layout 720:Cannot pair src net: ['GNDPWR'] and dst net: ['', 'PHASE_A']
05-07 14:58:21 com_github_MitjaNemec_ReplicateLayout.replicate_layout 720:Cannot pair src net: ['GNDPWR'] and dst net: ['', 'PHASE_A']
05-07 14:58:21 com_github_MitjaNemec_ReplicateLayout.replicate_layout 720:Cannot pair src net: ['GNDPWR'] and dst net: ['', 'PHASE_A']
05-07 14:58:21 com_github_MitjaNemec_ReplicateLayout.replicate_layout 720:Cannot pair src net: ['GNDPWR'] and dst net: ['', 'PHASE_A']
05-07 14:58:21 com_github_MitjaNemec_ReplicateLayout.replicate_layout 720:Cannot pair src net: ['', 'PHASE_A'] and dst net: ['VBUS']
05-07 14:58:21 com_github_MitjaNemec_ReplicateLayout.replicate_layout 720:Cannot pair src net: ['GNDPWR'] and dst net: ['', 'PHASE_A']
05-07 14:58:21 com_github_MitjaNemec_ReplicateLayout.replicate_layout 720:Cannot pair src net: ['GNDPWR'] and dst net: ['', 'PHASE_A']
05-07 14:58:21 com_github_MitjaNemec_ReplicateLayout.replicate_layout 720:Cannot pair src net: ['GNDPWR'] and dst net: ['', 'PHASE_A']
05-07 14:58:21 com_github_MitjaNemec_ReplicateLayout.replicate_layout 720:Cannot pair src net: ['GNDPWR'] and dst net: ['', 'PHASE_A']
05-07 14:58:21 com_github_MitjaNemec_ReplicateLayout.replicate_layout 720:Cannot pair src net: ['GNDPWR'] and dst net: ['', 'PHASE_A']
05-07 14:58:21 com_github_MitjaNemec_ReplicateLayout.replicate_layout 720:Cannot pair src net: ['', 'PHASE_A'] and dst net: ['VBUS']
05-07 14:58:21 com_github_MitjaNemec_ReplicateLayout.replicate_layout 734:Net pairs for sheet ['POWERSTAGE_A_HS2'] :[('/POWERSTAGE_A_HS2/PWM_IN-', '/POWERSTAGE_A_HS2/PWM_IN+'), ('Net-(D104-A2)', 'Net-(D86-A2)'), ('+9V', '+9V'), ('Net-(IC14-VEE)', 'Net-(IC12-VEE)'), ('/POWERSTAGE_A_LS2/APWM', '/POWERSTAGE_A_HS2/APWM'), ('Net-(D108-A2)', 'Net-(D90-A2)'), ('/POWERSTAGE_A_LS2/DC{slash}DC_EN', '/POWERSTAGE_A_HS2/DC{slash}DC_EN'), ('Net-(D102-K)', 'Net-(D76-K)'), ('Net-(D111-Pad1)', 'Net-(D93-Pad1)'), ('Net-(D106-A2)', 'Net-(D88-A2)'), ('/POWERSTAGE_A_LS2/nFLT', '/POWERSTAGE_A_HS2/nFLT'), ('Net-(IC13-CLK)', 'Net-(IC11-CLK)'), ('+3.3V', '+3.3V'), ('/POWERSTAGE_A_LS2/COM', '/POWERSTAGE_A_HS2/COM'), ('Net-(D94-A)', 'Net-(D76-A)'), ('Net-(Q34-G)', 'Net-(Q28-G)'), ('Net-(IC13-SW2)', 'Net-(IC11-SW2)'), ('Net-(Q36-G)', 'Net-(Q30-G)'), ('Net-(D100-A1)', 'Net-(D81-A2)'), ('Net-(IC13-SS{slash}ILIM)', 'Net-(IC11-SS{slash}ILIM)'), ('Net-(Q32-D)', 'Net-(Q26-D)'), ('/POWERSTAGE_A_LS2/EN{slash}nRST', '/POWERSTAGE_A_HS2/EN{slash}nRST'), ('/POWERSTAGE_A_LS2/RDY', '/POWERSTAGE_A_HS2/RDY'), ('Net-(D100-A2)', 'Net-(D82-A2)'), ('Net-(Q36-D)', 'Net-(Q30-D)'), ('Net-(Q34-D)', 'Net-(Q28-D)'), ('Net-(D107-Pad1)', 'Net-(D89-Pad1)'), ('Net-(D109-A2)', 'Net-(D91-A2)'), ('Net-(Q32-G)', 'Net-(Q26-G)'), ('Net-(D98-A2)', 'Net-(D80-A2)'), ('Net-(D96-A)', 'Net-(D78-A)'), ('Net-(IC14-OUTH)', 'Net-(IC12-OUTH)'), ('Net-(D101-Pad1)', 'Net-(D83-Pad1)'), ('Net-(IC13-SW1)', 'Net-(IC11-SW1)'), ('Net-(IC14-OUTL)', 'Net-(IC12-OUTL)'), ('unconnected-(IC13-DC-Pad5)', 'unconnected-(IC11-DC-Pad5)'), ('unconnected-(IC13-SR-Pad6)', 'unconnected-(IC11-SR-Pad6)'), ('/POWERSTAGE_A_HS2/PWM_IN+', '/POWERSTAGE_A_HS2/PWM_IN-'), ('GND', 'GND'), ('/POWERSTAGE_A_LS2/ISO_15V', '/POWERSTAGE_A_HS2/ISO_15V'), ('Net-(IC14-CLMPE)', 'Net-(IC12-CLMPE)'), ('Net-(D110-A2)', 'Net-(D92-A2)'), ('Net-(D105-A2)', 'Net-(D87-A2)'), ('Net-(D103-A)', 'Net-(D77-A)')]
05-07 14:58:21 root 304:updating GUI with: 59
05-07 14:58:21 com_github_MitjaNemec_ReplicateLayout.replicate_layout 910:Replicating tracks on sheet ['POWERSTAGE_A_LS']
05-07 14:58:21 com_github_MitjaNemec_ReplicateLayout.replicate_layout 734:Net pairs for sheet ['POWERSTAGE_A_LS'] :[('Net-(IC13-SS{slash}ILIM)', 'Net-(IC3-SS{slash}ILIM)'), ('Net-(Q36-G)', 'Net-(Q7-G)'), ('Net-(D106-A2)', 'Net-(D26-A2)'), ('+9V', '+9V'), ('Net-(Q34-G)', 'Net-(Q5-G)'), ('Net-(IC14-CLMPE)', 'Net-(IC4-CLMPE)'), ('Net-(D104-A2)', 'Net-(D24-A2)'), ('Net-(IC13-SW1)', 'Net-(IC3-SW1)'), ('+3.3V', '+3.3V'), ('Net-(D100-A1)', 'Net-(D17-A2)'), ('Net-(Q36-D)', 'Net-(Q7-D)'), ('Net-(D108-A2)', 'Net-(D29-A2)'), ('Net-(D111-Pad1)', 'Net-(D32-Pad1)'), ('/PHASE_A', '/PHASE_C'), ('Net-(Q34-D)', 'Net-(Q5-D)'), ('Net-(Q32-D)', 'Net-(Q2-D)'), ('Net-(IC14-OUTH)', 'Net-(IC4-OUTH)'), ('Net-(D102-K)', 'Net-(D1-K)'), ('Net-(D100-A2)', 'Net-(D18-A2)'), ('/POWERSTAGE_A_LS2/DC{slash}DC_EN', '/POWERSTAGE_A_LS/DC{slash}DC_EN'), ('Net-(IC14-VEE)', 'Net-(IC4-VEE)'), ('GNDPWR', 'GNDPWR'), ('Net-(D110-A2)', 'Net-(D31-A2)'), ('/POWERSTAGE_A_LS2/APWM', '/POWERSTAGE_A_LS/APWM'), ('Net-(IC13-SW2)', 'Net-(IC3-SW2)'), ('Net-(D103-A)', 'Net-(D2-A)'), ('/POWERSTAGE_A_LS2/EN{slash}nRST', '/POWERSTAGE_A_LS/EN{slash}nRST'), ('Net-(D98-A2)', 'Net-(D16-A2)'), ('/POWERSTAGE_A_HS2/PWM_IN+', '/POWERSTAGE_A_HS/PWM_IN+'), ('/POWERSTAGE_A_LS2/ISO_15V', '/POWERSTAGE_A_LS/ISO_15V'), ('unconnected-(IC13-DC-Pad5)', 'unconnected-(IC3-DC-Pad5)'), ('/POWERSTAGE_A_LS2/COM', '/POWERSTAGE_A_LS/COM'), ('/POWERSTAGE_A_LS2/RDY', '/POWERSTAGE_A_LS/RDY'), ('/POWERSTAGE_A_LS2/nFLT', '/POWERSTAGE_A_LS/nFLT'), ('Net-(D94-A)', 'Net-(D1-A)'), ('Net-(Q32-G)', 'Net-(Q2-G)'), ('Net-(D105-A2)', 'Net-(D25-A2)'), ('Net-(D96-A)', 'Net-(D3-A)'), ('GND', 'GND'), ('Net-(D107-Pad1)', 'Net-(D27-Pad1)'), ('Net-(D101-Pad1)', 'Net-(D19-Pad1)'), ('/POWERSTAGE_A_HS2/PWM_IN-', '/POWERSTAGE_A_HS/PWM_IN-'), ('unconnected-(IC13-SR-Pad6)', 'unconnected-(IC3-SR-Pad6)'), ('Net-(IC14-OUTL)', 'Net-(IC4-OUTL)'), ('Net-(IC13-CLK)', 'Net-(IC3-CLK)'), ('Net-(D109-A2)', 'Net-(D30-A2)')]
05-07 14:58:21 com_github_MitjaNemec_ReplicateLayout.replicate_layout 910:Replicating tracks on sheet ['POWERSTAGE_A_LS1']
05-07 14:58:21 com_github_MitjaNemec_ReplicateLayout.replicate_layout 734:Net pairs for sheet ['POWERSTAGE_A_LS1'] :[('Net-(D108-A2)', 'Net-(D71-A2)'), ('Net-(IC14-OUTL)', 'Net-(IC10-OUTL)'), ('+9V', '+9V'), ('Net-(D101-Pad1)', 'Net-(D64-Pad1)'), ('Net-(IC13-CLK)', 'Net-(IC9-CLK)'), ('Net-(IC14-CLMPE)', 'Net-(IC10-CLMPE)'), ('Net-(IC13-SS{slash}ILIM)', 'Net-(IC9-SS{slash}ILIM)'), ('Net-(D94-A)', 'Net-(D57-A)'), ('/POWERSTAGE_A_LS2/nFLT', '/POWERSTAGE_A_LS1/nFLT'), ('Net-(Q32-G)', 'Net-(Q20-G)'), ('unconnected-(IC13-DC-Pad5)', 'unconnected-(IC9-DC-Pad5)'), ('Net-(D103-A)', 'Net-(D58-A)'), ('Net-(D100-A2)', 'Net-(D63-A2)'), ('Net-(D98-A2)', 'Net-(D61-A2)'), ('/POWERSTAGE_A_LS2/RDY', '/POWERSTAGE_A_LS1/RDY'), ('+3.3V', '+3.3V'), ('Net-(D102-K)', 'Net-(D57-K)'), ('Net-(IC14-OUTH)', 'Net-(IC10-OUTH)'), ('Net-(D96-A)', 'Net-(D59-A)'), ('Net-(IC13-SW1)', 'Net-(IC9-SW1)'), ('/POWERSTAGE_A_HS2/PWM_IN+', '/POWERSTAGE_A_HS1/PWM_IN+'), ('Net-(D106-A2)', 'Net-(D69-A2)'), ('Net-(Q36-D)', 'Net-(Q24-D)'), ('Net-(D105-A2)', 'Net-(D68-A2)'), ('Net-(D111-Pad1)', 'Net-(D74-Pad1)'), ('/POWERSTAGE_A_LS2/COM', '/POWERSTAGE_A_LS1/COM'), ('/POWERSTAGE_A_LS2/APWM', '/POWERSTAGE_A_LS1/APWM'), ('/POWERSTAGE_A_LS2/DC{slash}DC_EN', '/POWERSTAGE_A_LS1/DC{slash}DC_EN'), ('Net-(D104-A2)', 'Net-(D67-A2)'), ('GNDPWR', 'GNDPWR'), ('/POWERSTAGE_A_LS2/EN{slash}nRST', '/POWERSTAGE_A_LS1/EN{slash}nRST'), ('Net-(D107-Pad1)', 'Net-(D70-Pad1)'), ('Net-(D110-A2)', 'Net-(D73-A2)'), ('Net-(D100-A1)', 'Net-(D62-A2)'), ('Net-(IC13-SW2)', 'Net-(IC9-SW2)'), ('/POWERSTAGE_A_HS2/PWM_IN-', '/POWERSTAGE_A_HS1/PWM_IN-'), ('Net-(Q32-D)', 'Net-(Q20-D)'), ('Net-(Q36-G)', 'Net-(Q24-G)'), ('Net-(D109-A2)', 'Net-(D72-A2)'), ('/POWERSTAGE_A_LS2/ISO_15V', '/POWERSTAGE_A_LS1/ISO_15V'), ('/PHASE_A', '/PHASE_B'), ('unconnected-(IC13-SR-Pad6)', 'unconnected-(IC9-SR-Pad6)'), ('Net-(IC14-VEE)', 'Net-(IC10-VEE)'), ('GND', 'GND'), ('Net-(Q34-D)', 'Net-(Q22-D)'), ('Net-(Q34-G)', 'Net-(Q22-G)')]
05-07 14:58:21 root 304:updating GUI with: 80
05-07 14:58:21 root 299:updating GUI message: 'Removing duplicates'
05-07 14:58:22 com_github_MitjaNemec_ReplicateLayout.action_replicate_layout 223:Replication complete
05-07 14:58:22 com_github_MitjaNemec_ReplicateLayout.action_replicate_layout 226:Letting the user know there are some issues with replicated design
05-07 14:58:22 com_github_MitjaNemec_ReplicateLayout.action_replicate_layout 230:Looks like the design has an exotic connectivity that is not supported by the plugin
 Make sure that you check the connectivity around:
Footprint Q13, pad 4
Footprint D43, pad 1
Footprint Q17, pad 8
Footprint IC6, pad 11
Footprint Q31, pad 5
Footprint Q29, pad 7
Footprint Q31, pad 8
Footprint Q29, pad 5
Footprint Q17, pad 6
Footprint Q29, pad 6
Footprint Q9, pad 7
Footprint Q29, pad 8
Footprint Q9, pad 5
Footprint Q27, pad 4
Footprint Q15, pad 3
Footprint Q9, pad 6
Footprint Q19, pad 3
Footprint Q9, pad 8
Footprint Q13, pad 7
Footprint D22, pad 1
Footprint IC6, pad 10
Footprint Q13, pad 5
Footprint Q13, pad 6
Footprint Q15, pad 4
Footprint D90, pad 1
Footprint Q19, pad 4
Footprint Q17, pad 5
Footprint Q13, pad 8
Footprint Q11, pad 3
Footprint Q27, pad 7
Footprint Q27, pad 5
Footprint D53, pad 1
Footprint D10, pad 1
Footprint Q27, pad 6
Footprint Q17, pad 3
Footprint D86, pad 1
Footprint Q27, pad 8
Footprint Q31, pad 3
Footprint IC2, pad 11
Footprint Q11, pad 4
Footprint Q29, pad 3
Footprint Q17, pad 4
Footprint Q19, pad 7
Footprint Q31, pad 4
Footprint Q15, pad 7
Footprint Q15, pad 5
Footprint Q19, pad 5
Footprint Q9, pad 3
Footprint Q19, pad 6
Footprint Q15, pad 6
Footprint Q29, pad 4
Footprint Q15, pad 8
Footprint Q31, pad 6
Footprint Q19, pad 8
Footprint IC2, pad 10
Footprint Q11, pad 7
Footprint D34, pad 1
Footprint Q9, pad 4
Footprint Q13, pad 3
Footprint Q11, pad 5
Footprint Q11, pad 6
Footprint Q17, pad 7
Footprint Q27, pad 3
Footprint Q31, pad 7
Footprint D49, pad 1
Footprint Q11, pad 8
Footprint D80, pad 1

